
> parkmate-root@1.0.0 dev
> concurrently "npm run backend" "npm run frontend"

(node:2364) [DEP0060] DeprecationWarning: The `util._extend` API is deprecated. Please use Object.assign() instead.
(Use `node --trace-deprecation ...` to show where the warning was created)
[0] 
[0] > parkmate-root@1.0.0 backend
[0] > cd backend && npm run dev
[0] 
[1] 
[1] > parkmate-root@1.0.0 frontend
[1] > cd frountend_final && npm run dev
[1] 
[0] 
[0] > backend@1.0.0 dev
[0] > nodemon server.js
[0] 
[1] 
[1] > parkease@0.0.0 dev
[1] > vite
[1] 
[0] [33m[nodemon] 3.1.11[39m
[0] [33m[nodemon] to restart at any time, enter `rs`[39m
[0] [33m[nodemon] watching path(s): *.*[39m
[0] [33m[nodemon] watching extensions: js,mjs,cjs,json[39m
[0] [32m[nodemon] starting `node server.js`[39m
[1] Re-optimizing dependencies because vite config has changed
[1] 
[1]   [32m[1mVITE[22m v5.4.21[39m  [2mready in [0m[1m595[22m[2m[0m ms[22m
[1] 
[1]   [32m➜[39m  [1mLocal[22m:   [36mhttp://localhost:[1m3000[22m/[39m
[1]   [32m➜[39m  [1mNetwork[22m: [36mhttp://192.168.1.4:[1m3000[22m/[39m
[0] [dotenv@17.2.3] injecting env (3) from .env -- tip: 📡 add observability to secrets: https://dotenvx.com/ops
[0] Server is running on port 5000
[0] Connected to MongoDB
