
> parkease@0.0.0 dev
> vite

Re-optimizing dependencies because lockfile has changed
Port 3000 is in use, trying another one...

  [32m[1mVITE[22m v5.4.21[39m  [2mready in [0m[1m1619[22m[2m[0m ms[22m

  [32m➜[39m  [1mLocal[22m:   [36mhttp://localhost:[1m3001[22m/[39m
  [32m➜[39m  [1mNetwork[22m: [36mhttp://192.168.1.4:[1m3001[22m/[39m
Error: [31m  Failed to scan for dependencies from entries:
  d:/parkMate2/frountend_final/index.html
d:/parkMate2/frountend_final/playwright-report/index.html

  [39m[31mX [41;31m[[41;97mERROR[41;31m][0m [1mExpected ")" but found "{"[0m

    src/pages/driver/FindSpot.jsx:62:6:
[37m      62 │       [32m{[37m/* Results */}
         │       [32m^[37m
         ╵       [32m)[0m


[31mX [41;31m[[41;97mERROR[41;31m][0m [1mExpected ")" but found "className"[0m

    src/pages/driver/MyBookings.jsx:33:11:
[37m      33 │       <div [32mclassName[37m="card overflow-hidden p-0">
         │            [32m~~~~~~~~~[37m
         ╵            [32m)[0m


    at failureErrorWithLog (d:\parkMate2\frountend_final\node_modules\esbuild\lib\main.js:1472:15)
    at d:\parkMate2\frountend_final\node_modules\esbuild\lib\main.js:945:25
    at runOnEndCallbacks (d:\parkMate2\frountend_final\node_modules\esbuild\lib\main.js:1315:45)
    at buildResponseToResult (d:\parkMate2\frountend_final\node_modules\esbuild\lib\main.js:943:7)
    at d:\parkMate2\frountend_final\node_modules\esbuild\lib\main.js:955:9
    at new Promise (<anonymous>)
    at requestCallbacks.on-end (d:\parkMate2\frountend_final\node_modules\esbuild\lib\main.js:954:54)
    at handleRequest (d:\parkMate2\frountend_final\node_modules\esbuild\lib\main.js:647:17)
    at handleIncomingPacket (d:\parkMate2\frountend_final\node_modules\esbuild\lib\main.js:672:7)
    at Socket.readFromStdout (d:\parkMate2\frountend_final\node_modules\esbuild\lib\main.js:600:7)
